# Logfile created on 2014-01-15 13:29:20 -0500 by logger.rb/41954
I, [2014-01-15T13:29:20.503438 #26394]  INFO -- : 0:  i18n (0.6.9) from /Users/Sterling/.rvm/gems/ruby-2.0.0-p353/specifications/i18n-0.6.9.gemspec
I, [2014-01-15T13:29:20.503818 #26394]  INFO -- : 0:  minitest (4.7.5) from /Users/Sterling/.rvm/gems/ruby-2.0.0-p353/specifications/minitest-4.7.5.gemspec
I, [2014-01-15T13:29:20.504094 #26394]  INFO -- : 0:  multi_json (1.8.4) from /Users/Sterling/.rvm/gems/ruby-2.0.0-p353/specifications/multi_json-1.8.4.gemspec
I, [2014-01-15T13:29:20.504342 #26394]  INFO -- : 0:  atomic (1.1.14) from /Users/Sterling/.rvm/gems/ruby-2.0.0-p353/specifications/atomic-1.1.14.gemspec
I, [2014-01-15T13:29:20.504586 #26394]  INFO -- : 0:  thread_safe (0.1.3) from /Users/Sterling/.rvm/gems/ruby-2.0.0-p353/specifications/thread_safe-0.1.3.gemspec
I, [2014-01-15T13:29:20.504824 #26394]  INFO -- : 0:  tzinfo (0.3.38) from /Users/Sterling/.rvm/gems/ruby-2.0.0-p353/specifications/tzinfo-0.3.38.gemspec
I, [2014-01-15T13:29:20.505062 #26394]  INFO -- : 0:  activesupport (4.0.2) from /Users/Sterling/.rvm/gems/ruby-2.0.0-p353/specifications/activesupport-4.0.2.gemspec
I, [2014-01-15T13:29:20.505330 #26394]  INFO -- : 0:  builder (3.1.4) from /Users/Sterling/.rvm/gems/ruby-2.0.0-p353/specifications/builder-3.1.4.gemspec
I, [2014-01-15T13:29:20.505693 #26394]  INFO -- : 0:  activemodel (4.0.2) from /Users/Sterling/.rvm/gems/ruby-2.0.0-p353/specifications/activemodel-4.0.2.gemspec
I, [2014-01-15T13:29:20.506080 #26394]  INFO -- : 0:  activerecord-deprecated_finders (1.0.3) from /Users/Sterling/.rvm/gems/ruby-2.0.0-p353/specifications/activerecord-deprecated_finders-1.0.3.gemspec
I, [2014-01-15T13:29:20.506354 #26394]  INFO -- : 0:  arel (4.0.1) from /Users/Sterling/.rvm/gems/ruby-2.0.0-p353/specifications/arel-4.0.1.gemspec
I, [2014-01-15T13:29:20.506591 #26394]  INFO -- : 0:  activerecord (4.0.2) from /Users/Sterling/.rvm/gems/ruby-2.0.0-p353/specifications/activerecord-4.0.2.gemspec
I, [2014-01-15T13:29:20.506816 #26394]  INFO -- : 0:  bond (0.4.3) from /Users/Sterling/.rvm/gems/ruby-2.0.0-p353/specifications/bond-0.4.3.gemspec
I, [2014-01-15T13:29:20.507040 #26394]  INFO -- : 0:  tilt (1.4.1) from /Users/Sterling/.rvm/gems/ruby-2.0.0-p353/specifications/tilt-1.4.1.gemspec
I, [2014-01-15T13:29:20.507268 #26394]  INFO -- : 0:  haml (4.0.5) from /Users/Sterling/.rvm/gems/ruby-2.0.0-p353/specifications/haml-4.0.5.gemspec
I, [2014-01-15T13:29:20.507492 #26394]  INFO -- : 0:  rack (1.5.2) from /Users/Sterling/.rvm/gems/ruby-2.0.0-p353/specifications/rack-1.5.2.gemspec
I, [2014-01-15T13:29:21.329714 #26394]  INFO -- : 0:  rack-protection (1.5.2) from /Users/Sterling/.rvm/gems/ruby-2.0.0-p353/specifications/rack-protection-1.5.2.gemspec
I, [2014-01-15T13:29:21.330185 #26394]  INFO -- : 0:  rack-test (0.6.2) from /Users/Sterling/.rvm/gems/ruby-2.0.0-p353/specifications/rack-test-0.6.2.gemspec
I, [2014-01-15T13:29:21.356925 #26394]  INFO -- : 0:  ripl (0.7.0) from /Users/Sterling/.rvm/gems/ruby-2.0.0-p353/specifications/ripl-0.7.0.gemspec
I, [2014-01-15T13:29:21.357308 #26394]  INFO -- : 0:  ripl-multi_line (0.3.1) from /Users/Sterling/.rvm/gems/ruby-2.0.0-p353/specifications/ripl-multi_line-0.3.1.gemspec
I, [2014-01-15T13:29:21.357572 #26394]  INFO -- : 0:  ripl-rack (0.2.0) from /Users/Sterling/.rvm/gems/ruby-2.0.0-p353/specifications/ripl-rack-0.2.0.gemspec
I, [2014-01-15T13:29:21.357831 #26394]  INFO -- : 0:  shotgun (0.9) from /Users/Sterling/.rvm/gems/ruby-2.0.0-p353/specifications/shotgun-0.9.gemspec
I, [2014-01-15T13:29:21.358082 #26394]  INFO -- : 0:  sinatra (1.4.4) from /Users/Sterling/.rvm/gems/ruby-2.0.0-p353/specifications/sinatra-1.4.4.gemspec
I, [2014-01-15T13:29:21.358333 #26394]  INFO -- : 0:  tux (0.3.0) from /Users/Sterling/.rvm/gems/ruby-2.0.0-p353/specifications/tux-0.3.0.gemspec
I, [2014-01-15T13:29:21.358580 #26394]  INFO -- : 0:  bundler (1.5.1) from /Users/Sterling/.rvm/gems/ruby-2.0.0-p353@global/specifications/bundler-1.5.1.gemspec
I, [2014-01-15T13:59:08.816107 #26451]  INFO -- : 0:  i18n (0.6.9) from /Users/Sterling/.rvm/gems/ruby-2.0.0-p353/specifications/i18n-0.6.9.gemspec
I, [2014-01-15T13:59:08.816498 #26451]  INFO -- : 0:  minitest (4.7.5) from /Users/Sterling/.rvm/gems/ruby-2.0.0-p353/specifications/minitest-4.7.5.gemspec
I, [2014-01-15T13:59:08.816858 #26451]  INFO -- : 0:  multi_json (1.8.4) from /Users/Sterling/.rvm/gems/ruby-2.0.0-p353/specifications/multi_json-1.8.4.gemspec
I, [2014-01-15T13:59:08.817185 #26451]  INFO -- : 0:  atomic (1.1.14) from /Users/Sterling/.rvm/gems/ruby-2.0.0-p353/specifications/atomic-1.1.14.gemspec
I, [2014-01-15T13:59:08.817507 #26451]  INFO -- : 0:  thread_safe (0.1.3) from /Users/Sterling/.rvm/gems/ruby-2.0.0-p353/specifications/thread_safe-0.1.3.gemspec
I, [2014-01-15T13:59:08.817822 #26451]  INFO -- : 0:  tzinfo (0.3.38) from /Users/Sterling/.rvm/gems/ruby-2.0.0-p353/specifications/tzinfo-0.3.38.gemspec
I, [2014-01-15T13:59:08.818141 #26451]  INFO -- : 0:  activesupport (4.0.2) from /Users/Sterling/.rvm/gems/ruby-2.0.0-p353/specifications/activesupport-4.0.2.gemspec
I, [2014-01-15T13:59:08.818459 #26451]  INFO -- : 0:  builder (3.1.4) from /Users/Sterling/.rvm/gems/ruby-2.0.0-p353/specifications/builder-3.1.4.gemspec
I, [2014-01-15T13:59:08.818777 #26451]  INFO -- : 0:  activemodel (4.0.2) from /Users/Sterling/.rvm/gems/ruby-2.0.0-p353/specifications/activemodel-4.0.2.gemspec
I, [2014-01-15T13:59:08.819084 #26451]  INFO -- : 0:  activerecord-deprecated_finders (1.0.3) from /Users/Sterling/.rvm/gems/ruby-2.0.0-p353/specifications/activerecord-deprecated_finders-1.0.3.gemspec
I, [2014-01-15T13:59:08.819399 #26451]  INFO -- : 0:  arel (4.0.1) from /Users/Sterling/.rvm/gems/ruby-2.0.0-p353/specifications/arel-4.0.1.gemspec
I, [2014-01-15T13:59:08.819713 #26451]  INFO -- : 0:  activerecord (4.0.2) from /Users/Sterling/.rvm/gems/ruby-2.0.0-p353/specifications/activerecord-4.0.2.gemspec
I, [2014-01-15T13:59:08.820021 #26451]  INFO -- : 0:  bond (0.4.3) from /Users/Sterling/.rvm/gems/ruby-2.0.0-p353/specifications/bond-0.4.3.gemspec
I, [2014-01-15T13:59:08.820327 #26451]  INFO -- : 0:  tilt (1.4.1) from /Users/Sterling/.rvm/gems/ruby-2.0.0-p353/specifications/tilt-1.4.1.gemspec
I, [2014-01-15T13:59:08.820621 #26451]  INFO -- : 0:  haml (4.0.5) from /Users/Sterling/.rvm/gems/ruby-2.0.0-p353/specifications/haml-4.0.5.gemspec
I, [2014-01-15T13:59:08.820925 #26451]  INFO -- : 0:  rack (1.5.2) from /Users/Sterling/.rvm/gems/ruby-2.0.0-p353/specifications/rack-1.5.2.gemspec
I, [2014-01-15T13:59:08.821229 #26451]  INFO -- : 0:  rack-protection (1.5.2) from /Users/Sterling/.rvm/gems/ruby-2.0.0-p353/specifications/rack-protection-1.5.2.gemspec
I, [2014-01-15T13:59:08.828757 #26451]  INFO -- : 0:  rack-test (0.6.2) from /Users/Sterling/.rvm/gems/ruby-2.0.0-p353/specifications/rack-test-0.6.2.gemspec
I, [2014-01-15T13:59:08.829223 #26451]  INFO -- : 0:  ripl (0.7.0) from /Users/Sterling/.rvm/gems/ruby-2.0.0-p353/specifications/ripl-0.7.0.gemspec
I, [2014-01-15T13:59:08.829775 #26451]  INFO -- : 0:  ripl-multi_line (0.3.1) from /Users/Sterling/.rvm/gems/ruby-2.0.0-p353/specifications/ripl-multi_line-0.3.1.gemspec
I, [2014-01-15T13:59:08.830162 #26451]  INFO -- : 0:  ripl-rack (0.2.0) from /Users/Sterling/.rvm/gems/ruby-2.0.0-p353/specifications/ripl-rack-0.2.0.gemspec
I, [2014-01-15T13:59:08.830543 #26451]  INFO -- : 0:  shotgun (0.9) from /Users/Sterling/.rvm/gems/ruby-2.0.0-p353/specifications/shotgun-0.9.gemspec
I, [2014-01-15T13:59:08.830931 #26451]  INFO -- : 0:  sinatra (1.4.4) from /Users/Sterling/.rvm/gems/ruby-2.0.0-p353/specifications/sinatra-1.4.4.gemspec
I, [2014-01-15T13:59:08.831245 #26451]  INFO -- : 0:  sqlite3 (1.3.8) from /Users/Sterling/.rvm/gems/ruby-2.0.0-p353/specifications/sqlite3-1.3.8.gemspec
I, [2014-01-15T13:59:08.831551 #26451]  INFO -- : 0:  tux (0.3.0) from /Users/Sterling/.rvm/gems/ruby-2.0.0-p353/specifications/tux-0.3.0.gemspec
I, [2014-01-15T13:59:08.831917 #26451]  INFO -- : 0:  bundler (1.5.1) from /Users/Sterling/.rvm/gems/ruby-2.0.0-p353@global/specifications/bundler-1.5.1.gemspec
I, [2014-01-15T14:01:41.494488 #26459]  INFO -- : 0:  i18n (0.6.9) from /Users/Sterling/.rvm/gems/ruby-2.0.0-p353/specifications/i18n-0.6.9.gemspec
I, [2014-01-15T14:01:41.494871 #26459]  INFO -- : 0:  minitest (4.7.5) from /Users/Sterling/.rvm/gems/ruby-2.0.0-p353/specifications/minitest-4.7.5.gemspec
I, [2014-01-15T14:01:41.495139 #26459]  INFO -- : 0:  multi_json (1.8.4) from /Users/Sterling/.rvm/gems/ruby-2.0.0-p353/specifications/multi_json-1.8.4.gemspec
I, [2014-01-15T14:01:41.495382 #26459]  INFO -- : 0:  atomic (1.1.14) from /Users/Sterling/.rvm/gems/ruby-2.0.0-p353/specifications/atomic-1.1.14.gemspec
I, [2014-01-15T14:01:41.495622 #26459]  INFO -- : 0:  thread_safe (0.1.3) from /Users/Sterling/.rvm/gems/ruby-2.0.0-p353/specifications/thread_safe-0.1.3.gemspec
I, [2014-01-15T14:01:41.495864 #26459]  INFO -- : 0:  tzinfo (0.3.38) from /Users/Sterling/.rvm/gems/ruby-2.0.0-p353/specifications/tzinfo-0.3.38.gemspec
I, [2014-01-15T14:01:41.496110 #26459]  INFO -- : 0:  activesupport (4.0.2) from /Users/Sterling/.rvm/gems/ruby-2.0.0-p353/specifications/activesupport-4.0.2.gemspec
I, [2014-01-15T14:01:41.496354 #26459]  INFO -- : 0:  builder (3.1.4) from /Users/Sterling/.rvm/gems/ruby-2.0.0-p353/specifications/builder-3.1.4.gemspec
I, [2014-01-15T14:01:41.496603 #26459]  INFO -- : 0:  activemodel (4.0.2) from /Users/Sterling/.rvm/gems/ruby-2.0.0-p353/specifications/activemodel-4.0.2.gemspec
I, [2014-01-15T14:01:41.496845 #26459]  INFO -- : 0:  activerecord-deprecated_finders (1.0.3) from /Users/Sterling/.rvm/gems/ruby-2.0.0-p353/specifications/activerecord-deprecated_finders-1.0.3.gemspec
I, [2014-01-15T14:01:41.497086 #26459]  INFO -- : 0:  arel (4.0.1) from /Users/Sterling/.rvm/gems/ruby-2.0.0-p353/specifications/arel-4.0.1.gemspec
I, [2014-01-15T14:01:41.497333 #26459]  INFO -- : 0:  activerecord (4.0.2) from /Users/Sterling/.rvm/gems/ruby-2.0.0-p353/specifications/activerecord-4.0.2.gemspec
I, [2014-01-15T14:01:41.497568 #26459]  INFO -- : 0:  bond (0.4.3) from /Users/Sterling/.rvm/gems/ruby-2.0.0-p353/specifications/bond-0.4.3.gemspec
I, [2014-01-15T14:01:41.497804 #26459]  INFO -- : 0:  tilt (1.4.1) from /Users/Sterling/.rvm/gems/ruby-2.0.0-p353/specifications/tilt-1.4.1.gemspec
I, [2014-01-15T14:01:41.498047 #26459]  INFO -- : 0:  haml (4.0.5) from /Users/Sterling/.rvm/gems/ruby-2.0.0-p353/specifications/haml-4.0.5.gemspec
I, [2014-01-15T14:01:41.498289 #26459]  INFO -- : 0:  rack (1.5.2) from /Users/Sterling/.rvm/gems/ruby-2.0.0-p353/specifications/rack-1.5.2.gemspec
I, [2014-01-15T14:01:41.498533 #26459]  INFO -- : 0:  rack-protection (1.5.2) from /Users/Sterling/.rvm/gems/ruby-2.0.0-p353/specifications/rack-protection-1.5.2.gemspec
I, [2014-01-15T14:01:41.498774 #26459]  INFO -- : 0:  rack-test (0.6.2) from /Users/Sterling/.rvm/gems/ruby-2.0.0-p353/specifications/rack-test-0.6.2.gemspec
I, [2014-01-15T14:01:41.499010 #26459]  INFO -- : 0:  ripl (0.7.0) from /Users/Sterling/.rvm/gems/ruby-2.0.0-p353/specifications/ripl-0.7.0.gemspec
I, [2014-01-15T14:01:41.499245 #26459]  INFO -- : 0:  ripl-multi_line (0.3.1) from /Users/Sterling/.rvm/gems/ruby-2.0.0-p353/specifications/ripl-multi_line-0.3.1.gemspec
I, [2014-01-15T14:01:41.499484 #26459]  INFO -- : 0:  ripl-rack (0.2.0) from /Users/Sterling/.rvm/gems/ruby-2.0.0-p353/specifications/ripl-rack-0.2.0.gemspec
I, [2014-01-15T14:01:41.499720 #26459]  INFO -- : 0:  shotgun (0.9) from /Users/Sterling/.rvm/gems/ruby-2.0.0-p353/specifications/shotgun-0.9.gemspec
I, [2014-01-15T14:01:41.500017 #26459]  INFO -- : 0:  sinatra (1.4.4) from /Users/Sterling/.rvm/gems/ruby-2.0.0-p353/specifications/sinatra-1.4.4.gemspec
I, [2014-01-15T14:01:41.500267 #26459]  INFO -- : 0:  sqlite3 (1.3.8) from /Users/Sterling/.rvm/gems/ruby-2.0.0-p353/specifications/sqlite3-1.3.8.gemspec
I, [2014-01-15T14:01:41.500505 #26459]  INFO -- : 0:  tux (0.3.0) from /Users/Sterling/.rvm/gems/ruby-2.0.0-p353/specifications/tux-0.3.0.gemspec
I, [2014-01-15T14:01:41.500730 #26459]  INFO -- : 0:  bundler (1.5.1) from /Users/Sterling/.rvm/gems/ruby-2.0.0-p353@global/specifications/bundler-1.5.1.gemspec
I, [2014-01-15T14:06:37.219320 #26469]  INFO -- : 0:  rake (10.1.1) from /Users/Sterling/.rvm/gems/ruby-2.0.0-p353/specifications/rake-10.1.1.gemspec
I, [2014-01-15T14:06:37.219719 #26469]  INFO -- : 0:  i18n (0.6.9) from /Users/Sterling/.rvm/gems/ruby-2.0.0-p353/specifications/i18n-0.6.9.gemspec
I, [2014-01-15T14:06:37.220010 #26469]  INFO -- : 0:  minitest (4.7.5) from /Users/Sterling/.rvm/gems/ruby-2.0.0-p353/specifications/minitest-4.7.5.gemspec
I, [2014-01-15T14:06:37.220278 #26469]  INFO -- : 0:  multi_json (1.8.4) from /Users/Sterling/.rvm/gems/ruby-2.0.0-p353/specifications/multi_json-1.8.4.gemspec
I, [2014-01-15T14:06:37.220539 #26469]  INFO -- : 0:  atomic (1.1.14) from /Users/Sterling/.rvm/gems/ruby-2.0.0-p353/specifications/atomic-1.1.14.gemspec
I, [2014-01-15T14:06:37.220791 #26469]  INFO -- : 0:  thread_safe (0.1.3) from /Users/Sterling/.rvm/gems/ruby-2.0.0-p353/specifications/thread_safe-0.1.3.gemspec
I, [2014-01-15T14:06:37.221042 #26469]  INFO -- : 0:  tzinfo (0.3.38) from /Users/Sterling/.rvm/gems/ruby-2.0.0-p353/specifications/tzinfo-0.3.38.gemspec
I, [2014-01-15T14:06:37.221421 #26469]  INFO -- : 0:  activesupport (4.0.2) from /Users/Sterling/.rvm/gems/ruby-2.0.0-p353/specifications/activesupport-4.0.2.gemspec
I, [2014-01-15T14:06:37.221838 #26469]  INFO -- : 0:  builder (3.1.4) from /Users/Sterling/.rvm/gems/ruby-2.0.0-p353/specifications/builder-3.1.4.gemspec
I, [2014-01-15T14:06:37.222147 #26469]  INFO -- : 0:  activemodel (4.0.2) from /Users/Sterling/.rvm/gems/ruby-2.0.0-p353/specifications/activemodel-4.0.2.gemspec
I, [2014-01-15T14:06:37.222418 #26469]  INFO -- : 0:  activerecord-deprecated_finders (1.0.3) from /Users/Sterling/.rvm/gems/ruby-2.0.0-p353/specifications/activerecord-deprecated_finders-1.0.3.gemspec
I, [2014-01-15T14:06:37.222681 #26469]  INFO -- : 0:  arel (4.0.1) from /Users/Sterling/.rvm/gems/ruby-2.0.0-p353/specifications/arel-4.0.1.gemspec
I, [2014-01-15T14:06:37.222946 #26469]  INFO -- : 0:  activerecord (4.0.2) from /Users/Sterling/.rvm/gems/ruby-2.0.0-p353/specifications/activerecord-4.0.2.gemspec
I, [2014-01-15T14:06:37.223202 #26469]  INFO -- : 0:  bond (0.4.3) from /Users/Sterling/.rvm/gems/ruby-2.0.0-p353/specifications/bond-0.4.3.gemspec
I, [2014-01-15T14:06:37.223452 #26469]  INFO -- : 0:  tilt (1.4.1) from /Users/Sterling/.rvm/gems/ruby-2.0.0-p353/specifications/tilt-1.4.1.gemspec
I, [2014-01-15T14:06:37.223708 #26469]  INFO -- : 0:  haml (4.0.5) from /Users/Sterling/.rvm/gems/ruby-2.0.0-p353/specifications/haml-4.0.5.gemspec
I, [2014-01-15T14:06:37.223982 #26469]  INFO -- : 0:  rack (1.5.2) from /Users/Sterling/.rvm/gems/ruby-2.0.0-p353/specifications/rack-1.5.2.gemspec
I, [2014-01-15T14:06:37.224250 #26469]  INFO -- : 0:  rack-protection (1.5.2) from /Users/Sterling/.rvm/gems/ruby-2.0.0-p353/specifications/rack-protection-1.5.2.gemspec
I, [2014-01-15T14:06:37.224507 #26469]  INFO -- : 0:  rack-test (0.6.2) from /Users/Sterling/.rvm/gems/ruby-2.0.0-p353/specifications/rack-test-0.6.2.gemspec
I, [2014-01-15T14:06:37.224754 #26469]  INFO -- : 0:  ripl (0.7.0) from /Users/Sterling/.rvm/gems/ruby-2.0.0-p353/specifications/ripl-0.7.0.gemspec
I, [2014-01-15T14:06:37.224992 #26469]  INFO -- : 0:  ripl-multi_line (0.3.1) from /Users/Sterling/.rvm/gems/ruby-2.0.0-p353/specifications/ripl-multi_line-0.3.1.gemspec
I, [2014-01-15T14:06:37.225241 #26469]  INFO -- : 0:  ripl-rack (0.2.0) from /Users/Sterling/.rvm/gems/ruby-2.0.0-p353/specifications/ripl-rack-0.2.0.gemspec
I, [2014-01-15T14:06:37.225488 #26469]  INFO -- : 0:  shotgun (0.9) from /Users/Sterling/.rvm/gems/ruby-2.0.0-p353/specifications/shotgun-0.9.gemspec
I, [2014-01-15T14:06:37.225732 #26469]  INFO -- : 0:  sinatra (1.4.4) from /Users/Sterling/.rvm/gems/ruby-2.0.0-p353/specifications/sinatra-1.4.4.gemspec
I, [2014-01-15T14:06:38.532106 #26469]  INFO -- : 0:  sinatra-activerecord (1.2.3) from /Users/Sterling/.rvm/gems/ruby-2.0.0-p353/specifications/sinatra-activerecord-1.2.3.gemspec
I, [2014-01-15T14:06:38.532525 #26469]  INFO -- : 0:  sqlite3 (1.3.8) from /Users/Sterling/.rvm/gems/ruby-2.0.0-p353/specifications/sqlite3-1.3.8.gemspec
I, [2014-01-15T14:06:38.532788 #26469]  INFO -- : 0:  tux (0.3.0) from /Users/Sterling/.rvm/gems/ruby-2.0.0-p353/specifications/tux-0.3.0.gemspec
I, [2014-01-15T14:06:38.533049 #26469]  INFO -- : 0:  bundler (1.5.1) from /Users/Sterling/.rvm/gems/ruby-2.0.0-p353@global/specifications/bundler-1.5.1.gemspec
